<?xml version="1.0" encoding="UTF-8"?>
<!-- Generated by org.testng.reporters.JUnitReportReporter -->
<testsuite hostname="Akshay" name="maven.AnnotationsClass" tests="2" failures="0" timestamp="14 May 2019 19:35:58 GMT" time="0.014" errors="0">
  <testcase name="test6" time="0.002" classname="maven.AnnotationsClass"/>
  <testcase name="test5" time="0.012" classname="maven.AnnotationsClass"/>
</testsuite> <!-- maven.AnnotationsClass -->
